[2026-07-18T05:31:32.280Z] 🚀 بدء تشغيل السكربت
[2026-07-18T05:31:32.281Z] 📌 نقطة التوقف الحالية: الفهرس 0
[2026-07-18T05:31:36.800Z] ✅ واتساب جاهز
[2026-07-18T05:31:36.803Z] 📞 عدد الأرقام بعد التنظيف: 7
[2026-07-18T05:31:36.803Z] 📝 تم تحميل 9 رسالة من message.json
[2026-07-18T05:31:36.803Z] 📌 نماذج من الرسائل: 🌞🌸 صباح الخير. | ☀️🌹 صباح الخير والسعادة. | 🌷✨ صباح الخير والنور. ...
[2026-07-18T05:31:36.805Z] 🖼️ تم تحميل 3 مدخل من images.json (قد تكون روابط أو مسارات محلية)
[2026-07-18T05:31:36.805Z] ⏩ الاستئناف من الفهرس 0 (الرقم: 212607301499)
[2026-07-18T05:31:37.868Z] 🌐 محاولة تحميل صورة من رابط: https://blogger.googleusercontent.com/img/b/R29vZ2xl/AVvXsEjdcQfeH_ntrJ-cteh7a-sPjQ3hHdjWUu1pyr_aj9s72ZVk64EZlPofWRjeI95sOiFhW2aNk3JlRlH3yZjodRHVVg8NTjsfAOI0JUBFmpboRlimIuoO3g5qy5lx4QqlvuzjPfnGaos1NLaXmBm6Ngj_-ItSQZo1780RJqsE4NeOl59QJipuIk1lRfii1tg/s1561/IMG_9234.jpeg
[2026-07-18T05:31:40.595Z] 🖼️ تم إرسال صورة + نص إلى 212607301499
[2026-07-18T05:31:40.595Z] ✔ تم الإرسال إلى 212607301499 (☕🌞 صباح الخير مع فنجان قهوة....)
[2026-07-18T05:31:40.597Z] ⏳ انتظار 36.7 ثانية
[2026-07-18T05:32:17.439Z] 🌐 محاولة تحميل صورة من رابط: https://blogger.googleusercontent.com/img/b/R29vZ2xl/AVvXsEic0GD3h8VyB2cByRzx9VJ-gXBNpVqhjUL4W_lMjJDAll7NYkdq4JpvD0rEltVSBa9STRiBhzP5wdkNFmCEXY8LzpxiZCG1qfMdZj5cz8f_I3M5OH_AFHOEYTXynS-RGCUPEBtaRzp4McsV0aqvnK0DjbTK11CfmK0Zz0tYlF_mLgKlzmt_9DZWMmjH2UE/s1536/C1F1C43D-4BF3-4F2F-898F-F6716046F07E.png
[2026-07-18T05:32:19.648Z] 🖼️ تم إرسال صورة + نص إلى 212602088262
[2026-07-18T05:32:19.648Z] ✔ تم الإرسال إلى 212602088262 (🍃🌞 صباح مليء بالأمل....)
[2026-07-18T05:32:19.650Z] ⏳ انتظار 32.1 ثانية
[2026-07-18T05:32:51.880Z] 🌐 محاولة تحميل صورة من رابط: https://blogger.googleusercontent.com/img/b/R29vZ2xl/AVvXsEjdcQfeH_ntrJ-cteh7a-sPjQ3hHdjWUu1pyr_aj9s72ZVk64EZlPofWRjeI95sOiFhW2aNk3JlRlH3yZjodRHVVg8NTjsfAOI0JUBFmpboRlimIuoO3g5qy5lx4QqlvuzjPfnGaos1NLaXmBm6Ngj_-ItSQZo1780RJqsE4NeOl59QJipuIk1lRfii1tg/s1561/IMG_9234.jpeg
[2026-07-18T05:32:52.478Z] 🖼️ تم إرسال صورة + نص إلى 34632547380
[2026-07-18T05:32:52.479Z] ✔ تم الإرسال إلى 34632547380 (🌹🤍 صباح الفل....)
[2026-07-18T05:32:52.479Z] ⏳ انتظار 30.4 ثانية
[2026-07-18T05:33:23.021Z] 🌐 محاولة تحميل صورة من رابط: https://blogger.googleusercontent.com/img/b/R29vZ2xl/AVvXsEjdcQfeH_ntrJ-cteh7a-sPjQ3hHdjWUu1pyr_aj9s72ZVk64EZlPofWRjeI95sOiFhW2aNk3JlRlH3yZjodRHVVg8NTjsfAOI0JUBFmpboRlimIuoO3g5qy5lx4QqlvuzjPfnGaos1NLaXmBm6Ngj_-ItSQZo1780RJqsE4NeOl59QJipuIk1lRfii1tg/s1561/IMG_9234.jpeg
[2026-07-18T05:33:23.628Z] 🖼️ تم إرسال صورة + نص إلى 212670424819
[2026-07-18T05:33:23.628Z] ✔ تم الإرسال إلى 212670424819 (🌺😊 صباح الورد والياسمين....)
[2026-07-18T05:33:23.630Z] ⏳ انتظار 31.1 ثانية
[2026-07-18T05:33:54.815Z] 🌐 محاولة تحميل صورة من رابط: https://blogger.googleusercontent.com/img/b/R29vZ2xl/AVvXsEjkQKZkZCDiZKzb_rbtmciEhK_Ic8LPHYFQlrvce6WdIe_gUjv4WOeOqgflSeDsiciEbvK4Y7NFhhJ-1hErNwbMYsqQkdKDGAHIt96yGrAC1nsHQr5XxeLUFYV_uSAFzExOXtrPhf4JXN_h7mhNLhGFN2tTh2QU3gNakU7F8apgFSahodnPInIHdpYynPM/s1254/EEDD5E3A-0275-4234-9B22-1157DFECEB5A.png
[2026-07-18T05:33:57.511Z] 🖼️ تم إرسال صورة + نص إلى 212703106510
[2026-07-18T05:33:57.511Z] ✔ تم الإرسال إلى 212703106510 (☀️🌹 صباح الخير والسعادة....)
[2026-07-18T05:33:57.512Z] ⏳ انتظار 24.9 ثانية
[2026-07-18T05:34:22.471Z] 🌐 محاولة تحميل صورة من رابط: https://blogger.googleusercontent.com/img/b/R29vZ2xl/AVvXsEic0GD3h8VyB2cByRzx9VJ-gXBNpVqhjUL4W_lMjJDAll7NYkdq4JpvD0rEltVSBa9STRiBhzP5wdkNFmCEXY8LzpxiZCG1qfMdZj5cz8f_I3M5OH_AFHOEYTXynS-RGCUPEBtaRzp4McsV0aqvnK0DjbTK11CfmK0Zz0tYlF_mLgKlzmt_9DZWMmjH2UE/s1536/C1F1C43D-4BF3-4F2F-898F-F6716046F07E.png
[2026-07-18T05:34:22.916Z] 🖼️ تم إرسال صورة + نص إلى 212601781138
[2026-07-18T05:34:22.916Z] ✔ تم الإرسال إلى 212601781138 (🌼💛 صباح الخير والسرور....)
[2026-07-18T05:34:22.921Z] ⏳ انتظار 29.4 ثانية
[2026-07-18T05:34:52.444Z] 🌐 محاولة تحميل صورة من رابط: https://blogger.googleusercontent.com/img/b/R29vZ2xl/AVvXsEjkQKZkZCDiZKzb_rbtmciEhK_Ic8LPHYFQlrvce6WdIe_gUjv4WOeOqgflSeDsiciEbvK4Y7NFhhJ-1hErNwbMYsqQkdKDGAHIt96yGrAC1nsHQr5XxeLUFYV_uSAFzExOXtrPhf4JXN_h7mhNLhGFN2tTh2QU3gNakU7F8apgFSahodnPInIHdpYynPM/s1254/EEDD5E3A-0275-4234-9B22-1157DFECEB5A.png
[2026-07-18T05:34:53.022Z] 🖼️ تم إرسال صورة + نص إلى 212707196436
[2026-07-18T05:34:53.022Z] ✔ تم الإرسال إلى 212707196436 (🍃🌞 صباح مليء بالأمل....)
[2026-07-18T05:34:53.023Z] ⏳ انتظار 35.7 ثانية
[2026-07-18T05:35:28.709Z] 🏁 انتهت الحلقة الرئيسية
[2026-07-18T05:35:28.713Z] 📊 تم تحديث aggregate.json
[2026-07-18T05:35:28.853Z] 📨 تم إرسال التقرير للإدمن
