[2026-07-16T00:23:16.659Z] 🚀 بدء تشغيل السكربت
[2026-07-16T00:23:16.661Z] 📌 نقطة التوقف الحالية: الفهرس 0
[2026-07-16T00:23:21.660Z] ✅ واتساب جاهز
[2026-07-16T00:23:21.662Z] 📞 عدد الأرقام بعد التنظيف: 1
[2026-07-16T00:23:21.663Z] 📝 تم تحميل 10 رسالة من message.json
[2026-07-16T00:23:21.663Z] 📌 نماذج من الرسائل: 🌙🤍 مساء النور. | ✨🌹 مساء الأنوار. | 🌸😊 مساء الورد. ...
[2026-07-16T00:23:21.664Z] ⏩ الاستئناف من الفهرس 0 (الرقم: 212642284241)
[2026-07-16T00:23:23.151Z] ✔ تم الإرسال إلى 212642284241 (🌼✨ مساء السعادة....)
[2026-07-16T00:23:23.153Z] ⏳ انتظار 36.3 ثانية
[2026-07-16T00:23:59.427Z] 🏁 انتهت الحلقة الرئيسية
[2026-07-16T00:23:59.430Z] 📊 تم تحديث aggregate.json
[2026-07-16T00:23:59.535Z] 📨 تم إرسال التقرير للإدمن
[2026-07-16T07:23:46.987Z] 🚀 بدء تشغيل السكربت
[2026-07-16T07:23:46.989Z] 📌 نقطة التوقف الحالية: الفهرس 0
[2026-07-16T07:23:51.230Z] ✅ واتساب جاهز
[2026-07-16T07:23:51.232Z] 📞 عدد الأرقام بعد التنظيف: 5
[2026-07-16T07:23:51.233Z] 📝 تم تحميل 6 رسالة من message.json
[2026-07-16T07:23:51.233Z] 📌 نماذج من الرسائل: 🌞🌸 صباح الخير. | ☀️🌹 صباح الخير والسعادة. | 🌷✨ صباح الخير والنور. ...
[2026-07-16T07:23:51.233Z] ⏩ الاستئناف من الفهرس 0 (الرقم: 212607301499)
[2026-07-16T07:23:51.449Z] ✔ تم الإرسال إلى 212607301499 (🌷✨ صباح الخير والنور....)
[2026-07-16T07:23:51.451Z] ⏳ انتظار 33.7 ثانية
[2026-07-16T07:24:25.269Z] ✔ تم الإرسال إلى 212602088262 (🌷✨ صباح الخير والنور....)
[2026-07-16T07:24:25.270Z] ⏳ انتظار 33.1 ثانية
[2026-07-16T07:24:58.508Z] ✔ تم الإرسال إلى 34632547380 (🌞🌸 صباح الخير....)
[2026-07-16T07:24:58.508Z] ⏳ انتظار 34.9 ثانية
[2026-07-16T07:25:33.661Z] ✔ تم الإرسال إلى 212703106510 (☕🌞 صباح الخير مع فنجان قهوة....)
[2026-07-16T07:25:33.662Z] ⏳ انتظار 38.6 ثانية
[2026-07-16T07:26:12.326Z] ✔ تم الإرسال إلى 212601781138 (🌷✨ صباح الخير والنور....)
[2026-07-16T07:26:12.327Z] ⏳ انتظار 34.1 ثانية
[2026-07-16T07:26:46.443Z] 🏁 انتهت الحلقة الرئيسية
[2026-07-16T07:26:46.445Z] 📊 تم تحديث aggregate.json
[2026-07-16T07:26:46.582Z] 📨 تم إرسال التقرير للإدمن
