[2026-07-19T05:58:08.085Z] 🚀 بدء تشغيل السكربت
[2026-07-19T05:58:08.086Z] 📌 نقطة التوقف الحالية: الفهرس 0
[2026-07-19T05:58:19.212Z] ✅ واتساب جاهز
[2026-07-19T05:58:19.229Z] 📞 عدد الأرقام بعد التنظيف: 7
[2026-07-19T05:58:19.230Z] 📝 تم تحميل 9 رسالة من message.json
[2026-07-19T05:58:19.230Z] 📌 نماذج من الرسائل: 🌞🌸 صباح الخير. | ☀️🌹 صباح الخير والسعادة. | 🌷✨ صباح الخير والنور. ...
[2026-07-19T05:58:19.233Z] 🖼️ تم تحميل 3 مدخل من images.json (قد تكون روابط أو مسارات محلية)
[2026-07-19T05:58:19.236Z] ⏩ الاستئناف من الفهرس 0 (الرقم: 212607301499)
[2026-07-19T05:58:19.910Z] 🌐 محاولة تحميل صورة من رابط: https://blogger.googleusercontent.com/img/b/R29vZ2xl/AVvXsEjdcQfeH_ntrJ-cteh7a-sPjQ3hHdjWUu1pyr_aj9s72ZVk64EZlPofWRjeI95sOiFhW2aNk3JlRlH3yZjodRHVVg8NTjsfAOI0JUBFmpboRlimIuoO3g5qy5lx4QqlvuzjPfnGaos1NLaXmBm6Ngj_-ItSQZo1780RJqsE4NeOl59QJipuIk1lRfii1tg/s1561/IMG_9234.jpeg
[2026-07-19T05:58:22.956Z] 🖼️ تم إرسال صورة + نص إلى 212607301499
[2026-07-19T05:58:22.956Z] ✔ تم الإرسال إلى 212607301499 (💖☀️ صباح السعادة والراحة....)
[2026-07-19T05:58:22.957Z] ⏳ انتظار 30.4 ثانية
[2026-07-19T05:58:53.450Z] 🌐 محاولة تحميل صورة من رابط: https://blogger.googleusercontent.com/img/b/R29vZ2xl/AVvXsEic0GD3h8VyB2cByRzx9VJ-gXBNpVqhjUL4W_lMjJDAll7NYkdq4JpvD0rEltVSBa9STRiBhzP5wdkNFmCEXY8LzpxiZCG1qfMdZj5cz8f_I3M5OH_AFHOEYTXynS-RGCUPEBtaRzp4McsV0aqvnK0DjbTK11CfmK0Zz0tYlF_mLgKlzmt_9DZWMmjH2UE/s1536/C1F1C43D-4BF3-4F2F-898F-F6716046F07E.png
[2026-07-19T05:58:55.908Z] 🖼️ تم إرسال صورة + نص إلى 212602088262
[2026-07-19T05:58:55.908Z] ✔ تم الإرسال إلى 212602088262 (☕🌞 صباح الخير مع فنجان قهوة....)
[2026-07-19T05:58:55.909Z] ⏳ انتظار 30.9 ثانية
[2026-07-19T05:59:26.905Z] 🌐 محاولة تحميل صورة من رابط: https://blogger.googleusercontent.com/img/b/R29vZ2xl/AVvXsEic0GD3h8VyB2cByRzx9VJ-gXBNpVqhjUL4W_lMjJDAll7NYkdq4JpvD0rEltVSBa9STRiBhzP5wdkNFmCEXY8LzpxiZCG1qfMdZj5cz8f_I3M5OH_AFHOEYTXynS-RGCUPEBtaRzp4McsV0aqvnK0DjbTK11CfmK0Zz0tYlF_mLgKlzmt_9DZWMmjH2UE/s1536/C1F1C43D-4BF3-4F2F-898F-F6716046F07E.png
[2026-07-19T05:59:28.370Z] 🖼️ تم إرسال صورة + نص إلى 34632547380
[2026-07-19T05:59:28.371Z] ✔ تم الإرسال إلى 34632547380 (🍃🌞 صباح مليء بالأمل....)
[2026-07-19T05:59:28.371Z] ⏳ انتظار 31.7 ثانية
[2026-07-19T06:00:00.158Z] 🌐 محاولة تحميل صورة من رابط: https://blogger.googleusercontent.com/img/b/R29vZ2xl/AVvXsEic0GD3h8VyB2cByRzx9VJ-gXBNpVqhjUL4W_lMjJDAll7NYkdq4JpvD0rEltVSBa9STRiBhzP5wdkNFmCEXY8LzpxiZCG1qfMdZj5cz8f_I3M5OH_AFHOEYTXynS-RGCUPEBtaRzp4McsV0aqvnK0DjbTK11CfmK0Zz0tYlF_mLgKlzmt_9DZWMmjH2UE/s1536/C1F1C43D-4BF3-4F2F-898F-F6716046F07E.png
[2026-07-19T06:00:01.605Z] 🖼️ تم إرسال صورة + نص إلى 212670424819
[2026-07-19T06:00:01.605Z] ✔ تم الإرسال إلى 212670424819 (🍃🌞 صباح مليء بالأمل....)
[2026-07-19T06:00:01.605Z] ⏳ انتظار 24.4 ثانية
[2026-07-19T06:00:26.104Z] 🌐 محاولة تحميل صورة من رابط: https://blogger.googleusercontent.com/img/b/R29vZ2xl/AVvXsEjdcQfeH_ntrJ-cteh7a-sPjQ3hHdjWUu1pyr_aj9s72ZVk64EZlPofWRjeI95sOiFhW2aNk3JlRlH3yZjodRHVVg8NTjsfAOI0JUBFmpboRlimIuoO3g5qy5lx4QqlvuzjPfnGaos1NLaXmBm6Ngj_-ItSQZo1780RJqsE4NeOl59QJipuIk1lRfii1tg/s1561/IMG_9234.jpeg
[2026-07-19T06:00:26.776Z] 🖼️ تم إرسال صورة + نص إلى 212703106510
[2026-07-19T06:00:26.777Z] ✔ تم الإرسال إلى 212703106510 (🌼💛 صباح الخير والسرور....)
[2026-07-19T06:00:26.779Z] ⏳ انتظار 28.0 ثانية
[2026-07-19T06:00:54.892Z] 🌐 محاولة تحميل صورة من رابط: https://blogger.googleusercontent.com/img/b/R29vZ2xl/AVvXsEjdcQfeH_ntrJ-cteh7a-sPjQ3hHdjWUu1pyr_aj9s72ZVk64EZlPofWRjeI95sOiFhW2aNk3JlRlH3yZjodRHVVg8NTjsfAOI0JUBFmpboRlimIuoO3g5qy5lx4QqlvuzjPfnGaos1NLaXmBm6Ngj_-ItSQZo1780RJqsE4NeOl59QJipuIk1lRfii1tg/s1561/IMG_9234.jpeg
[2026-07-19T06:00:55.354Z] 🖼️ تم إرسال صورة + نص إلى 212601781138
[2026-07-19T06:00:55.355Z] ✔ تم الإرسال إلى 212601781138 (🍃🌞 صباح مليء بالأمل....)
[2026-07-19T06:00:55.355Z] ⏳ انتظار 39.5 ثانية
[2026-07-19T06:01:34.964Z] 🌐 محاولة تحميل صورة من رابط: https://blogger.googleusercontent.com/img/b/R29vZ2xl/AVvXsEic0GD3h8VyB2cByRzx9VJ-gXBNpVqhjUL4W_lMjJDAll7NYkdq4JpvD0rEltVSBa9STRiBhzP5wdkNFmCEXY8LzpxiZCG1qfMdZj5cz8f_I3M5OH_AFHOEYTXynS-RGCUPEBtaRzp4McsV0aqvnK0DjbTK11CfmK0Zz0tYlF_mLgKlzmt_9DZWMmjH2UE/s1536/C1F1C43D-4BF3-4F2F-898F-F6716046F07E.png
[2026-07-19T06:01:36.222Z] 🖼️ تم إرسال صورة + نص إلى 212707196436
[2026-07-19T06:01:36.222Z] ✔ تم الإرسال إلى 212707196436 (🌺😊 صباح الورد والياسمين....)
[2026-07-19T06:01:36.222Z] ⏳ انتظار 39.4 ثانية
[2026-07-19T06:02:15.592Z] 🏁 انتهت الحلقة الرئيسية
[2026-07-19T06:02:15.597Z] 📊 تم تحديث aggregate.json
[2026-07-19T06:02:15.728Z] 📨 تم إرسال التقرير للإدمن
