[2026-07-17T15:17:03.982Z] 🚀 بدء تشغيل السكربت
[2026-07-17T15:17:03.984Z] 📌 نقطة التوقف الحالية: الفهرس 0
[2026-07-17T15:17:08.428Z] ✅ واتساب جاهز
[2026-07-17T15:17:08.433Z] 📞 عدد الأرقام بعد التنظيف: 7
[2026-07-17T15:17:08.434Z] 📝 تم تحميل 7 رسالة من message.json
[2026-07-17T15:17:08.434Z] 📌 نماذج من الرسائل: 🕌🤲 جمعة مباركة، تقبل الله طاعاتكم. | 🌸🕌 جمعة مباركة، جعلها الله يوم خير وبركة. | 🌿✨ أسأل الله أن يبارك لكم في هذا اليوم المبارك، جمعة مباركة. ...
[2026-07-17T15:17:08.434Z] 🖼️ تم تحميل 3 صورة من images.json
[2026-07-17T15:17:08.434Z] ⏩ الاستئناف من الفهرس 0 (الرقم: 212607301499)
[2026-07-17T15:17:11.170Z] 🖼️ تم إرسال صورة + نص إلى 212607301499
[2026-07-17T15:17:11.170Z] ✔ تم الإرسال إلى 212607301499 (🤍📿 جمعة طيبة مباركة، مليئة ب...)
[2026-07-17T15:17:11.171Z] ⏳ انتظار 30.1 ثانية
[2026-07-17T15:17:41.890Z] 🖼️ تم إرسال صورة + نص إلى 212602088262
[2026-07-17T15:17:41.890Z] ✔ تم الإرسال إلى 212602088262 (🌹🕊️ جمعة مباركة، رزقكم الله ...)
[2026-07-17T15:17:41.891Z] ⏳ انتظار 32.6 ثانية
[2026-07-17T15:18:14.623Z] 🖼️ تم إرسال صورة + نص إلى 34632547380
[2026-07-17T15:18:14.623Z] ✔ تم الإرسال إلى 34632547380 (🌿✨ أسأل الله أن يبارك لكم في ...)
[2026-07-17T15:18:14.624Z] ⏳ انتظار 29.1 ثانية
[2026-07-17T15:18:43.844Z] 🖼️ تم إرسال صورة + نص إلى 212670424819
[2026-07-17T15:18:43.845Z] ✔ تم الإرسال إلى 212670424819 (🌹🕊️ جمعة مباركة، رزقكم الله ...)
[2026-07-17T15:18:43.846Z] ⏳ انتظار 32.7 ثانية
[2026-07-17T15:19:16.639Z] 🖼️ تم إرسال صورة + نص إلى 212703106510
[2026-07-17T15:19:16.639Z] ✔ تم الإرسال إلى 212703106510 (🌸🕌 جمعة مباركة، جعلها الله ي...)
[2026-07-17T15:19:16.640Z] ⏳ انتظار 20.3 ثانية
[2026-07-17T15:19:37.019Z] 🖼️ تم إرسال صورة + نص إلى 212601781138
[2026-07-17T15:19:37.020Z] ✔ تم الإرسال إلى 212601781138 (🌙🕌 جمعة مباركة، وأكثروا من ا...)
[2026-07-17T15:19:37.020Z] ⏳ انتظار 21.4 ثانية
[2026-07-17T15:19:59.077Z] 🖼️ تم إرسال صورة + نص إلى 212707196436
[2026-07-17T15:19:59.077Z] ✔ تم الإرسال إلى 212707196436 (🌸🕌 جمعة مباركة، جعلها الله ي...)
[2026-07-17T15:19:59.079Z] ⏳ انتظار 37.0 ثانية
[2026-07-17T15:20:36.075Z] 🏁 انتهت الحلقة الرئيسية
[2026-07-17T15:20:36.078Z] 📊 تم تحديث aggregate.json
[2026-07-17T15:20:36.201Z] 📨 تم إرسال التقرير للإدمن
[2026-07-17T15:47:59.709Z] 🚀 بدء تشغيل السكربت
[2026-07-17T15:47:59.711Z] 📌 نقطة التوقف الحالية: الفهرس 0
[2026-07-17T15:48:04.206Z] ✅ واتساب جاهز
[2026-07-17T15:48:04.208Z] 📞 عدد الأرقام بعد التنظيف: 7
[2026-07-17T15:48:04.210Z] 📝 تم تحميل 8 رسالة من message.json
[2026-07-17T15:48:04.210Z] 📌 نماذج من الرسائل: 🌙✨ مساء النور والسرور. | 🌸💖 مساء النور والورد. | 🌹🌙 مساء النور والياسمين. ...
[2026-07-17T15:48:04.211Z] 🖼️ تم تحميل 3 مدخل من images.json (قد تكون روابط أو مسارات محلية)
[2026-07-17T15:48:04.212Z] ⏩ الاستئناف من الفهرس 0 (الرقم: 212607301499)
[2026-07-17T15:48:05.035Z] 🌐 محاولة تحميل صورة من رابط: https://thakafaa.com/wp-content/uploads/2021/08/%D9%85%D8%B3%D8%A7%D8%A1-%D8%A7%D9%84%D8%AE%D9%8A%D8%B1.jpg
[2026-07-17T15:48:07.140Z] 🖼️ تم إرسال صورة + نص إلى 212607301499
[2026-07-17T15:48:07.140Z] ✔ تم الإرسال إلى 212607301499 (🌹🌙 مساء النور والياسمين....)
[2026-07-17T15:48:07.141Z] ⏳ انتظار 25.9 ثانية
[2026-07-17T15:48:33.193Z] 🖼️ تم إرسال صورة + نص إلى 212602088262
[2026-07-17T15:48:33.193Z] ✔ تم الإرسال إلى 212602088262 (🌙✨ مساء النور والسرور....)
[2026-07-17T15:48:33.194Z] ⏳ انتظار 35.7 ثانية
[2026-07-17T15:49:09.038Z] 🌐 محاولة تحميل صورة من رابط: https://encrypted-tbn0.gstatic.com/images?q=tbn:ANd9GcQwC0IvjmUZb_JQjEOT7a4CmiZCV_DOQ2E0C6fcd-dU-w&s=10
[2026-07-17T15:49:09.038Z] ⚠️ فشل إرسال الصورة (https://encrypted-tbn0.gstatic.com/images?q=tbn:ANd9GcQwC0IvjmUZb_JQjEOT7a4CmiZCV_DOQ2E0C6fcd-dU-w&s=10): Unable to determine MIME type using URL. Set unsafeMime to true to download it anyway.
[2026-07-17T15:49:09.054Z] 📝 تم إرسال نص فقط إلى 34632547380
[2026-07-17T15:49:09.054Z] ✔ تم الإرسال إلى 34632547380 (🌸💖 مساء النور والورد....)
[2026-07-17T15:49:09.055Z] ⏳ انتظار 23.3 ثانية
[2026-07-17T15:49:32.527Z] 🌐 محاولة تحميل صورة من رابط: https://thakafaa.com/wp-content/uploads/2021/08/%D9%85%D8%B3%D8%A7%D8%A1-%D8%A7%D9%84%D8%AE%D9%8A%D8%B1.jpg
[2026-07-17T15:49:32.953Z] 🖼️ تم إرسال صورة + نص إلى 212670424819
[2026-07-17T15:49:32.953Z] ✔ تم الإرسال إلى 212670424819 (🌙🤍 مساء النور والطمأنينة....)
[2026-07-17T15:49:32.954Z] ⏳ انتظار 30.8 ثانية
[2026-07-17T15:50:03.965Z] 🖼️ تم إرسال صورة + نص إلى 212703106510
[2026-07-17T15:50:03.965Z] ✔ تم الإرسال إلى 212703106510 (🌺✨ مساء النور على أجمل القلوب...)
[2026-07-17T15:50:03.967Z] ⏳ انتظار 30.3 ثانية
[2026-07-17T15:50:34.439Z] 🖼️ تم إرسال صورة + نص إلى 212601781138
[2026-07-17T15:50:34.439Z] ✔ تم الإرسال إلى 212601781138 (🌺✨ مساء النور على أجمل القلوب...)
[2026-07-17T15:50:34.440Z] ⏳ انتظار 26.4 ثانية
[2026-07-17T15:51:01.019Z] 🌐 محاولة تحميل صورة من رابط: https://thakafaa.com/wp-content/uploads/2021/08/%D9%85%D8%B3%D8%A7%D8%A1-%D8%A7%D9%84%D8%AE%D9%8A%D8%B1.jpg
[2026-07-17T15:51:01.379Z] 🖼️ تم إرسال صورة + نص إلى 212707196436
[2026-07-17T15:51:01.379Z] ✔ تم الإرسال إلى 212707196436 (🌸💖 مساء النور والورد....)
[2026-07-17T15:51:01.380Z] ⏳ انتظار 36.6 ثانية
[2026-07-17T15:51:38.044Z] 🏁 انتهت الحلقة الرئيسية
[2026-07-17T15:51:38.047Z] 📊 تم تحديث aggregate.json
[2026-07-17T15:51:38.230Z] 📨 تم إرسال التقرير للإدمن
[2026-07-17T16:12:01.718Z] 🚀 بدء تشغيل السكربت
[2026-07-17T16:12:01.720Z] 📌 نقطة التوقف الحالية: الفهرس 0
[2026-07-17T16:12:07.028Z] ✅ واتساب جاهز
[2026-07-17T16:12:07.030Z] 📞 عدد الأرقام بعد التنظيف: 1
[2026-07-17T16:12:07.031Z] 📝 تم تحميل 9 رسالة من message.json
[2026-07-17T16:12:07.031Z] 📌 نماذج من الرسائل: 🌞🌸 صباح الخير. | ☀️🌹 صباح الخير والسعادة. | 🌷✨ صباح الخير والنور. ...
[2026-07-17T16:12:07.032Z] 🖼️ تم تحميل 3 مدخل من images.json (قد تكون روابط أو مسارات محلية)
[2026-07-17T16:12:07.032Z] ⏩ الاستئناف من الفهرس 0 (الرقم: 212642284241)
[2026-07-17T16:12:07.246Z] 🌐 محاولة تحميل صورة من رابط: https://blogger.googleusercontent.com/img/b/R29vZ2xl/AVvXsEjkQKZkZCDiZKzb_rbtmciEhK_Ic8LPHYFQlrvce6WdIe_gUjv4WOeOqgflSeDsiciEbvK4Y7NFhhJ-1hErNwbMYsqQkdKDGAHIt96yGrAC1nsHQr5XxeLUFYV_uSAFzExOXtrPhf4JXN_h7mhNLhGFN2tTh2QU3gNakU7F8apgFSahodnPInIHdpYynPM/s1254/EEDD5E3A-0275-4234-9B22-1157DFECEB5A.png
[2026-07-17T16:12:10.272Z] 🖼️ تم إرسال صورة + نص إلى 212642284241
[2026-07-17T16:12:10.273Z] ✔ تم الإرسال إلى 212642284241 (🌹🤍 صباح الفل....)
[2026-07-17T16:12:10.274Z] ⏳ انتظار 38.6 ثانية
[2026-07-17T16:12:48.895Z] 🏁 انتهت الحلقة الرئيسية
[2026-07-17T16:12:48.898Z] 📊 تم تحديث aggregate.json
[2026-07-17T16:12:49.049Z] 📨 تم إرسال التقرير للإدمن
[2026-07-17T16:26:05.965Z] 🚀 بدء تشغيل السكربت
[2026-07-17T16:26:05.967Z] 📌 نقطة التوقف الحالية: الفهرس 0
[2026-07-17T16:26:09.907Z] ✅ واتساب جاهز
[2026-07-17T16:26:09.912Z] 📞 عدد الأرقام بعد التنظيف: 1
[2026-07-17T16:26:09.913Z] 📝 تم تحميل 9 رسالة من message.json
[2026-07-17T16:26:09.913Z] 📌 نماذج من الرسائل: 🌞🌸 صباح الخير. | ☀️🌹 صباح الخير والسعادة. | 🌷✨ صباح الخير والنور. ...
[2026-07-17T16:26:09.913Z] ⚠️ images.json موجود لكن لا يحتوي على مدخلات صالحة
[2026-07-17T16:26:09.913Z] ⏩ الاستئناف من الفهرس 0 (الرقم: 212642284241)
[2026-07-17T16:26:12.091Z] 📝 تم إرسال نص فقط إلى 212642284241
[2026-07-17T16:26:12.091Z] ✔ تم الإرسال إلى 212642284241 (🌷✨ صباح الخير والنور....)
[2026-07-17T16:26:12.092Z] ⏳ انتظار 21.0 ثانية
[2026-07-17T16:26:33.101Z] 🏁 انتهت الحلقة الرئيسية
[2026-07-17T16:26:33.104Z] 📊 تم تحديث aggregate.json
[2026-07-17T16:26:33.269Z] 📨 تم إرسال التقرير للإدمن
